<?xml version="1.0" encoding="UTF-8"?>
<!-- Generated by org.testng.reporters.JUnitReportReporter -->
<testsuite hostname="NavinSampath" failures="0" tests="1" name="POM.Pom" time="1.076" errors="0" timestamp="05 Jun 2023 03:05:49 GMT" skipped="0">
  <testcase classname="POM.Pom" name="tes" time="1.076"/>
</testsuite> <!-- POM.Pom -->
